\pset format unaligned
\pset fieldsep '|'
CREATE TABLE test(id SERIAL, h TONHASH, a TONADDR, b TONBYTES);
INSERT INTO test(h, a, b) VALUES
    ('ANT/iLBgHDmV1FwjM/EWihj4////////AAAAAAAAAAA=', '0:934F64BE8E43994563C6FCAAAA18B772B74E7D314D3D87CAD992F8711D32C635', 'AQIDBAU='),
    ('ANT/iLBgHDlgMYBZXVUAABj4////////AAAAAAAAAAA=', '-1:79DCEFAE9F68AB8F4D8A2CDABCE377A94365881866540B0FF87860851493D2C4', 'aGVsbG8='),
    ('5+p73p1noxIgPdD2SFf2Jk7heaHA8i1lkB9HP53iMY0=', '-1001:0000000000000000011100000000000000000000000000000000aaaaaaaaaaaa', 'AAEC/w==');
SELECT * FROM test;
id|h|a|b
1|ANT/iLBgHDmV1FwjM/EWihj4////////AAAAAAAAAAA=|0:934F64BE8E43994563C6FCAAAA18B772B74E7D314D3D87CAD992F8711D32C635|AQIDBAU=
2|ANT/iLBgHDlgMYBZXVUAABj4////////AAAAAAAAAAA=|-1:79DCEFAE9F68AB8F4D8A2CDABCE377A94365881866540B0FF87860851493D2C4|aGVsbG8=
3|5+p73p1noxIgPdD2SFf2Jk7heaHA8i1lkB9HP53iMY0=|-1001:0000000000000000011100000000000000000000000000000000AAAAAAAAAAAA|AAEC/w==
(3 rows)
SELECT
    'ANT_iLBgHDmV1FwjM_EWihj4________AAAAAAAAAAA='::tonhash AS hash_url_padded,
    'ANT_iLBgHDmV1FwjM_EWihj4________AAAAAAAAAAA'::tonhash AS hash_url_unpadded,
    '00d4ff88b0601c3995d45c2333f1168a18f8ffffffffffff0000000000000000'::tonhash AS hash_hex;
hash_url_padded|hash_url_unpadded|hash_hex
ANT/iLBgHDmV1FwjM/EWihj4////////AAAAAAAAAAA=|ANT/iLBgHDmV1FwjM/EWihj4////////AAAAAAAAAAA=|ANT/iLBgHDmV1FwjM/EWihj4////////AAAAAAAAAAA=
(1 row)
SELECT
    'addr_none'::tonaddr AS none_addr,
    'ext$5:A8'::tonaddr AS ext_addr,
    'ext$12:abc'::tonaddr AS ext_addr_nibble,
    'var$7:abc'::tonaddr AS var_addr,
    'var$7:AC_'::tonaddr AS var_partial_addr,
    'var$-2:123abcdef'::tonaddr AS var_addr_long;
none_addr|ext_addr|ext_addr_nibble|var_addr|var_partial_addr|var_addr_long
addr_none|ext$5:A8|ext$12:ABC|var$7:ABC|var$7:AC_|var$-2:123ABCDEF
(1 row)
SELECT ''::tonhash;
ERROR:  empty input is not allowed for type tonhash
LINE 1: SELECT ''::tonhash;
               ^
SELECT ''::tonaddr;
ERROR:  empty input is not allowed for type tonaddr
LINE 1: SELECT ''::tonaddr;
               ^
CREATE INDEX test_index_1 ON test(h);
CREATE INDEX test_index_2 ON test(id, h);
CREATE INDEX test_index_3 ON test(h, a);
CREATE INDEX test_index_4 ON test(a, h);
CREATE INDEX test_index_5 ON test(a, id);
CREATE INDEX test_index_6 ON test(b);
CREATE INDEX test_index_7 ON test(b, h);
CREATE INDEX test_hash_index_h ON test USING hash(h);
CREATE INDEX test_hash_index_a ON test USING hash(a);
CREATE INDEX test_hash_index_b ON test USING hash(b);
SELECT * FROM test WHERE h = 'ANT/iLBgHDlgMYBZXVUAABj4////////AAAAAAAAAAA=';
id|h|a|b
2|ANT/iLBgHDlgMYBZXVUAABj4////////AAAAAAAAAAA=|-1:79DCEFAE9F68AB8F4D8A2CDABCE377A94365881866540B0FF87860851493D2C4|aGVsbG8=
(1 row)
SELECT * FROM test WHERE h = 'ANT/iLBgHDlgMYBZXVUAABj4////////AAAAAAAAAAA='::varchar;
id|h|a|b
2|ANT/iLBgHDlgMYBZXVUAABj4////////AAAAAAAAAAA=|-1:79DCEFAE9F68AB8F4D8A2CDABCE377A94365881866540B0FF87860851493D2C4|aGVsbG8=
(1 row)
SELECT * FROM test WHERE 'ANT/iLBgHDlgMYBZXVUAABj4////////AAAAAAAAAAA='::varchar = h;
id|h|a|b
2|ANT/iLBgHDlgMYBZXVUAABj4////////AAAAAAAAAAA=|-1:79DCEFAE9F68AB8F4D8A2CDABCE377A94365881866540B0FF87860851493D2C4|aGVsbG8=
(1 row)
SELECT * FROM test WHERE h = 'ANT/iLBgHDlgMYBZXVUAABj4////////AAAAAAAAAAA='::text;
id|h|a|b
2|ANT/iLBgHDlgMYBZXVUAABj4////////AAAAAAAAAAA=|-1:79DCEFAE9F68AB8F4D8A2CDABCE377A94365881866540B0FF87860851493D2C4|aGVsbG8=
(1 row)
SELECT * FROM test WHERE h = ANY(ARRAY['ANT/iLBgHDlgMYBZXVUAABj4////////AAAAAAAAAAA=']::varchar[]);
id|h|a|b
2|ANT/iLBgHDlgMYBZXVUAABj4////////AAAAAAAAAAA=|-1:79DCEFAE9F68AB8F4D8A2CDABCE377A94365881866540B0FF87860851493D2C4|aGVsbG8=
(1 row)
SELECT * FROM test WHERE a = '0:934F64BE8E43994563C6FCAAAA18B772B74E7D314D3D87CAD992F8711D32C635';
id|h|a|b
1|ANT/iLBgHDmV1FwjM/EWihj4////////AAAAAAAAAAA=|0:934F64BE8E43994563C6FCAAAA18B772B74E7D314D3D87CAD992F8711D32C635|AQIDBAU=
(1 row)
SELECT * FROM test WHERE b = 'aGVsbG8=';
id|h|a|b
2|ANT/iLBgHDlgMYBZXVUAABj4////////AAAAAAAAAAA=|-1:79DCEFAE9F68AB8F4D8A2CDABCE377A94365881866540B0FF87860851493D2C4|aGVsbG8=
(1 row)
SELECT ''::tonbytes IS NULL AS empty_tonbytes_is_null, ''::tonbytes = ''::tonbytes AS empty_tonbytes_eq;
empty_tonbytes_is_null|empty_tonbytes_eq
f|t
(1 row)
INSERT INTO test(a) VALUES
    ('addr_none'),
    ('ext$12:abc'),
    ('var$-2:123abcdef');
SELECT * FROM test WHERE a = 'var$-2:123ABCDEF';
id|h|a|b
6||var$-2:123ABCDEF|
(1 row)
SELECT * FROM test;
id|h|a|b
1|ANT/iLBgHDmV1FwjM/EWihj4////////AAAAAAAAAAA=|0:934F64BE8E43994563C6FCAAAA18B772B74E7D314D3D87CAD992F8711D32C635|AQIDBAU=
2|ANT/iLBgHDlgMYBZXVUAABj4////////AAAAAAAAAAA=|-1:79DCEFAE9F68AB8F4D8A2CDABCE377A94365881866540B0FF87860851493D2C4|aGVsbG8=
3|5+p73p1noxIgPdD2SFf2Jk7heaHA8i1lkB9HP53iMY0=|-1001:0000000000000000011100000000000000000000000000000000AAAAAAAAAAAA|AAEC/w==
4||addr_none|
5||ext$12:ABC|
6||var$-2:123ABCDEF|
(6 rows)
